<?xml version="1.0" encoding="UTF-8"?>
<!-- Generated by org.testng.reporters.JUnitXMLReporter -->
<testsuite ignored="0" hostname="san-zstk426" failures="0" tests="3" name="Default test" time="9.64" errors="0" timestamp="2026-01-08T11:21:06 IST">
  <testcase classname="testing.init.BrowserUtilTest" name="testGetTitle" time="0.016"/>
  <testcase classname="testing.init.BrowserUtilTest" name="testTitleEqualsFalse" time="0.008"/>
  <testcase classname="testing.init.BrowserUtilTest" name="testTitleEqualsTrue" time="0.005"/>
</testsuite> <!-- Default test -->
