<?xml version="1.0" encoding="UTF-8"?>
<!-- Generated by org.testng.reporters.JUnitReportReporter -->
<testsuite hostname="san-zstk426" failures="0" tests="3" name="testing.init.BrowserUtilTest" time="9.610" errors="0" timestamp="2026-01-08T11:21:06 IST" skipped="0">
  <testcase classname="testing.init.BrowserUtilTest" name="testTitleEqualsFalse" time="3.188"/>
  <testcase classname="testing.init.BrowserUtilTest" name="testGetTitle" time="3.023"/>
  <testcase classname="testing.init.BrowserUtilTest" name="testTitleEqualsTrue" time="3.399"/>
</testsuite> <!-- testing.init.BrowserUtilTest -->
