<?xml version="1.0" encoding="UTF-8"?>
<testng-results ignored="0" total="3" passed="3" failed="0" skipped="0">
  <reporter-output>
  </reporter-output>
  <suite started-at="2026-01-08T11:20:56 IST" name="Default suite" finished-at="2026-01-08T11:21:06 IST" duration-ms="9640">
    <groups>
    </groups>
    <test started-at="2026-01-08T11:20:56 IST" name="Default test" finished-at="2026-01-08T11:21:06 IST" duration-ms="9640">
      <class name="testing.init.BrowserUtilTest">
        <test-method is-config="true" signature="setUp()[pri:0, instance:testing.init.BrowserUtilTest@3a93b025]" started-at="2026-01-08T11:20:56 IST" name="setUp" finished-at="2026-01-08T11:20:59 IST" duration-ms="2636" status="PASS">
          <reporter-output>
          </reporter-output>
        </test-method> <!-- setUp -->
        <test-method signature="testGetTitle()[pri:0, instance:testing.init.BrowserUtilTest@3a93b025]" started-at="2026-01-08T11:20:59 IST" name="testGetTitle" finished-at="2026-01-08T11:20:59 IST" duration-ms="16" status="PASS">
          <reporter-output>
          </reporter-output>
        </test-method> <!-- testGetTitle -->
        <test-method is-config="true" signature="tearDown()[pri:0, instance:testing.init.BrowserUtilTest@3a93b025]" started-at="2026-01-08T11:20:59 IST" name="tearDown" finished-at="2026-01-08T11:21:00 IST" duration-ms="766" status="PASS">
          <reporter-output>
          </reporter-output>
        </test-method> <!-- tearDown -->
        <test-method is-config="true" signature="setUp()[pri:0, instance:testing.init.BrowserUtilTest@3a93b025]" started-at="2026-01-08T11:21:00 IST" name="setUp" finished-at="2026-01-08T11:21:02 IST" duration-ms="2403" status="PASS">
          <reporter-output>
          </reporter-output>
        </test-method> <!-- setUp -->
        <test-method signature="testTitleEqualsFalse()[pri:0, instance:testing.init.BrowserUtilTest@3a93b025]" started-at="2026-01-08T11:21:02 IST" name="testTitleEqualsFalse" finished-at="2026-01-08T11:21:02 IST" duration-ms="8" status="PASS">
          <reporter-output>
          </reporter-output>
        </test-method> <!-- testTitleEqualsFalse -->
        <test-method is-config="true" signature="tearDown()[pri:0, instance:testing.init.BrowserUtilTest@3a93b025]" started-at="2026-01-08T11:21:02 IST" name="tearDown" finished-at="2026-01-08T11:21:03 IST" duration-ms="777" status="PASS">
          <reporter-output>
          </reporter-output>
        </test-method> <!-- tearDown -->
        <test-method is-config="true" signature="setUp()[pri:0, instance:testing.init.BrowserUtilTest@3a93b025]" started-at="2026-01-08T11:21:03 IST" name="setUp" finished-at="2026-01-08T11:21:05 IST" duration-ms="2241" status="PASS">
          <reporter-output>
          </reporter-output>
        </test-method> <!-- setUp -->
        <test-method signature="testTitleEqualsTrue()[pri:0, instance:testing.init.BrowserUtilTest@3a93b025]" started-at="2026-01-08T11:21:05 IST" name="testTitleEqualsTrue" finished-at="2026-01-08T11:21:05 IST" duration-ms="5" status="PASS">
          <reporter-output>
          </reporter-output>
        </test-method> <!-- testTitleEqualsTrue -->
        <test-method is-config="true" signature="tearDown()[pri:0, instance:testing.init.BrowserUtilTest@3a93b025]" started-at="2026-01-08T11:21:05 IST" name="tearDown" finished-at="2026-01-08T11:21:06 IST" duration-ms="758" status="PASS">
          <reporter-output>
          </reporter-output>
        </test-method> <!-- tearDown -->
      </class> <!-- testing.init.BrowserUtilTest -->
    </test> <!-- Default test -->
  </suite> <!-- Default suite -->
</testng-results>
